<?xml version="1.0" encoding="UTF-8"?>
<testsuite xmlns:xsi="http://www.w3.org/2001/XMLSchema-instance" xsi:noNamespaceSchemaLocation="https://maven.apache.org/surefire/maven-surefire-plugin/xsd/surefire-test-report.xsd" name="sootup.java.sourcecode.minimaltestsuite.java6.MethodOverridingTest" time="0" tests="1" errors="0" skipped="0" failures="0">
  <properties>
    <property name="gopherProxySet" value="false"/>
    <property name="awt.toolkit" value="sun.lwawt.macosx.LWCToolkit"/>
    <property name="file.encoding.pkg" value="sun.io"/>
    <property name="java.specification.version" value="1.8"/>
    <property name="sun.cpu.isalist" value=""/>
    <property name="sun.jnu.encoding" value="UTF-8"/>
    <property name="java.class.path" value="/Users/shreyassl/Downloads/SootUp-develop/sootup.java.sourcecode/target/test-classes:/Users/shreyassl/Downloads/SootUp-develop/sootup.java.sourcecode/target/classes:/Users/shreyassl/Downloads/SootUp-develop/sootup.core/target/sootup.core-1.1.2-SNAPSHOT.jar:/Users/shreyassl/.m2/repository/org/jgrapht/jgrapht-core/1.3.1/jgrapht-core-1.3.1.jar:/Users/shreyassl/.m2/repository/org/jheaps/jheaps/0.10/jheaps-0.10.jar:/Users/shreyassl/Downloads/SootUp-develop/sootup.java.core/target/sootup.java.core-1.1.2-SNAPSHOT.jar:/Users/shreyassl/.m2/repository/com/ibm/wala/com.ibm.wala.core/1.5.9/com.ibm.wala.core-1.5.9.jar:/Users/shreyassl/.m2/repository/com/ibm/wala/com.ibm.wala.cast/1.5.9/com.ibm.wala.cast-1.5.9.jar:/Users/shreyassl/.m2/repository/com/ibm/wala/com.ibm.wala.cast.java/1.5.9/com.ibm.wala.cast.java-1.5.9.jar:/Users/shreyassl/.m2/repository/com/ibm/wala/com.ibm.wala.cast.java.ecj/1.5.9/com.ibm.wala.cast.java.ecj-1.5.9.jar:/Users/shreyassl/.m2/repository/org/eclipse/platform/org.eclipse.core.runtime/3.17.100/org.eclipse.core.runtime-3.17.100.jar:/Users/shreyassl/.m2/repository/org/eclipse/platform/org.eclipse.osgi/3.14.0/org.eclipse.osgi-3.14.0.jar:/Users/shreyassl/.m2/repository/org/eclipse/platform/org.eclipse.equinox.common/3.14.100/org.eclipse.equinox.common-3.14.100.jar:/Users/shreyassl/.m2/repository/org/eclipse/platform/org.eclipse.core.jobs/3.9.3/org.eclipse.core.jobs-3.9.3.jar:/Users/shreyassl/.m2/repository/org/eclipse/platform/org.eclipse.equinox.registry/3.11.200/org.eclipse.equinox.registry-3.11.200.jar:/Users/shreyassl/.m2/repository/org/eclipse/platform/org.eclipse.equinox.preferences/3.9.100/org.eclipse.equinox.preferences-3.9.100.jar:/Users/shreyassl/.m2/repository/org/osgi/org.osgi.service.prefs/1.1.2/org.osgi.service.prefs-1.1.2.jar:/Users/shreyassl/.m2/repository/org/osgi/osgi.annotation/8.0.1/osgi.annotation-8.0.1.jar:/Users/shreyassl/.m2/repository/org/eclipse/platform/org.eclipse.core.contenttype/3.7.1000/org.eclipse.core.contenttype-3.7.1000.jar:/Users/shreyassl/.m2/repository/org/eclipse/platform/org.eclipse.equinox.app/1.6.200/org.eclipse.equinox.app-1.6.200.jar:/Users/shreyassl/.m2/repository/org/eclipse/jdt/org.eclipse.jdt.core/3.14.0/org.eclipse.jdt.core-3.14.0.jar:/Users/shreyassl/.m2/repository/org/eclipse/platform/org.eclipse.core.resources/3.14.0/org.eclipse.core.resources-3.14.0.jar:/Users/shreyassl/.m2/repository/org/eclipse/platform/org.eclipse.core.expressions/3.8.200/org.eclipse.core.expressions-3.8.200.jar:/Users/shreyassl/.m2/repository/org/eclipse/platform/org.eclipse.core.filesystem/1.9.500/org.eclipse.core.filesystem-1.9.500.jar:/Users/shreyassl/.m2/repository/org/eclipse/platform/org.eclipse.text/3.12.300/org.eclipse.text-3.12.300.jar:/Users/shreyassl/.m2/repository/org/eclipse/platform/org.eclipse.core.commands/3.9.700/org.eclipse.core.commands-3.9.700.jar:/Users/shreyassl/.m2/repository/com/ibm/wala/com.ibm.wala.util/1.5.9/com.ibm.wala.util-1.5.9.jar:/Users/shreyassl/.m2/repository/com/ibm/wala/com.ibm.wala.shrike/1.5.9/com.ibm.wala.shrike-1.5.9.jar:/Users/shreyassl/.m2/repository/com/ibm/wala/com.ibm.wala.dalvik/1.5.9/com.ibm.wala.dalvik-1.5.9.jar:/Users/shreyassl/.m2/repository/org/smali/dexlib2/2.5.2/dexlib2-2.5.2.jar:/Users/shreyassl/.m2/repository/org/slf4j/slf4j-api/2.0.5/slf4j-api-2.0.5.jar:/Users/shreyassl/.m2/repository/org/slf4j/slf4j-simple/2.0.5/slf4j-simple-2.0.5.jar:/Users/shreyassl/.m2/repository/org/apache/commons/commons-lang3/3.12.0/commons-lang3-3.12.0.jar:/Users/shreyassl/.m2/repository/commons-io/commons-io/2.11.0/commons-io-2.11.0.jar:/Users/shreyassl/.m2/repository/com/google/guava/guava/32.0.1-jre/guava-32.0.1-jre.jar:/Users/shreyassl/.m2/repository/com/google/guava/failureaccess/1.0.1/failureaccess-1.0.1.jar:/Users/shreyassl/.m2/repository/com/google/guava/listenablefuture/9999.0-empty-to-avoid-conflict-with-guava/listenablefuture-9999.0-empty-to-avoid-conflict-with-guava.jar:/Users/shreyassl/.m2/repository/org/checkerframework/checker-qual/3.33.0/checker-qual-3.33.0.jar:/Users/shreyassl/.m2/repository/com/google/errorprone/error_prone_annotations/2.18.0/error_prone_annotations-2.18.0.jar:/Users/shreyassl/.m2/repository/com/google/j2objc/j2objc-annotations/2.8/j2objc-annotations-2.8.jar:/Users/shreyassl/.m2/repository/junit/junit/4.13.2/junit-4.13.2.jar:/Users/shreyassl/.m2/repository/org/hamcrest/hamcrest-core/1.3/hamcrest-core-1.3.jar:/Users/shreyassl/.m2/repository/com/google/code/findbugs/jsr305/3.0.2/jsr305-3.0.2.jar:"/>
    <property name="java.vm.vendor" value="Oracle Corporation"/>
    <property name="sun.arch.data.model" value="64"/>
    <property name="java.vendor.url" value="http://java.oracle.com/"/>
    <property name="user.timezone" value=""/>
    <property name="java.vm.specification.version" value="1.8"/>
    <property name="os.name" value="Mac OS X"/>
    <property name="user.country" value="IN"/>
    <property name="sun.java.launcher" value="SUN_STANDARD"/>
    <property name="sun.boot.library.path" value="/Library/Java/JavaVirtualMachines/jdk1.8.0_361.jdk/Contents/Home/jre/lib"/>
    <property name="sun.java.command" value="/Users/shreyassl/Downloads/SootUp-develop/sootup.java.sourcecode/target/surefire/surefirebooter5748627592640445178.jar /Users/shreyassl/Downloads/SootUp-develop/sootup.java.sourcecode/target/surefire 2023-10-02T16-20-41_180-jvmRun1 surefire5267668097360284646tmp surefire_21437795172433832404tmp"/>
    <property name="http.nonProxyHosts" value="local|*.local|169.254/16|*.169.254/16"/>
    <property name="surefire.test.class.path" value="/Users/shreyassl/Downloads/SootUp-develop/sootup.java.sourcecode/target/test-classes:/Users/shreyassl/Downloads/SootUp-develop/sootup.java.sourcecode/target/classes:/Users/shreyassl/Downloads/SootUp-develop/sootup.core/target/sootup.core-1.1.2-SNAPSHOT.jar:/Users/shreyassl/.m2/repository/org/jgrapht/jgrapht-core/1.3.1/jgrapht-core-1.3.1.jar:/Users/shreyassl/.m2/repository/org/jheaps/jheaps/0.10/jheaps-0.10.jar:/Users/shreyassl/Downloads/SootUp-develop/sootup.java.core/target/sootup.java.core-1.1.2-SNAPSHOT.jar:/Users/shreyassl/.m2/repository/com/ibm/wala/com.ibm.wala.core/1.5.9/com.ibm.wala.core-1.5.9.jar:/Users/shreyassl/.m2/repository/com/ibm/wala/com.ibm.wala.cast/1.5.9/com.ibm.wala.cast-1.5.9.jar:/Users/shreyassl/.m2/repository/com/ibm/wala/com.ibm.wala.cast.java/1.5.9/com.ibm.wala.cast.java-1.5.9.jar:/Users/shreyassl/.m2/repository/com/ibm/wala/com.ibm.wala.cast.java.ecj/1.5.9/com.ibm.wala.cast.java.ecj-1.5.9.jar:/Users/shreyassl/.m2/repository/org/eclipse/platform/org.eclipse.core.runtime/3.17.100/org.eclipse.core.runtime-3.17.100.jar:/Users/shreyassl/.m2/repository/org/eclipse/platform/org.eclipse.osgi/3.14.0/org.eclipse.osgi-3.14.0.jar:/Users/shreyassl/.m2/repository/org/eclipse/platform/org.eclipse.equinox.common/3.14.100/org.eclipse.equinox.common-3.14.100.jar:/Users/shreyassl/.m2/repository/org/eclipse/platform/org.eclipse.core.jobs/3.9.3/org.eclipse.core.jobs-3.9.3.jar:/Users/shreyassl/.m2/repository/org/eclipse/platform/org.eclipse.equinox.registry/3.11.200/org.eclipse.equinox.registry-3.11.200.jar:/Users/shreyassl/.m2/repository/org/eclipse/platform/org.eclipse.equinox.preferences/3.9.100/org.eclipse.equinox.preferences-3.9.100.jar:/Users/shreyassl/.m2/repository/org/osgi/org.osgi.service.prefs/1.1.2/org.osgi.service.prefs-1.1.2.jar:/Users/shreyassl/.m2/repository/org/osgi/osgi.annotation/8.0.1/osgi.annotation-8.0.1.jar:/Users/shreyassl/.m2/repository/org/eclipse/platform/org.eclipse.core.contenttype/3.7.1000/org.eclipse.core.contenttype-3.7.1000.jar:/Users/shreyassl/.m2/repository/org/eclipse/platform/org.eclipse.equinox.app/1.6.200/org.eclipse.equinox.app-1.6.200.jar:/Users/shreyassl/.m2/repository/org/eclipse/jdt/org.eclipse.jdt.core/3.14.0/org.eclipse.jdt.core-3.14.0.jar:/Users/shreyassl/.m2/repository/org/eclipse/platform/org.eclipse.core.resources/3.14.0/org.eclipse.core.resources-3.14.0.jar:/Users/shreyassl/.m2/repository/org/eclipse/platform/org.eclipse.core.expressions/3.8.200/org.eclipse.core.expressions-3.8.200.jar:/Users/shreyassl/.m2/repository/org/eclipse/platform/org.eclipse.core.filesystem/1.9.500/org.eclipse.core.filesystem-1.9.500.jar:/Users/shreyassl/.m2/repository/org/eclipse/platform/org.eclipse.text/3.12.300/org.eclipse.text-3.12.300.jar:/Users/shreyassl/.m2/repository/org/eclipse/platform/org.eclipse.core.commands/3.9.700/org.eclipse.core.commands-3.9.700.jar:/Users/shreyassl/.m2/repository/com/ibm/wala/com.ibm.wala.util/1.5.9/com.ibm.wala.util-1.5.9.jar:/Users/shreyassl/.m2/repository/com/ibm/wala/com.ibm.wala.shrike/1.5.9/com.ibm.wala.shrike-1.5.9.jar:/Users/shreyassl/.m2/repository/com/ibm/wala/com.ibm.wala.dalvik/1.5.9/com.ibm.wala.dalvik-1.5.9.jar:/Users/shreyassl/.m2/repository/org/smali/dexlib2/2.5.2/dexlib2-2.5.2.jar:/Users/shreyassl/.m2/repository/org/slf4j/slf4j-api/2.0.5/slf4j-api-2.0.5.jar:/Users/shreyassl/.m2/repository/org/slf4j/slf4j-simple/2.0.5/slf4j-simple-2.0.5.jar:/Users/shreyassl/.m2/repository/org/apache/commons/commons-lang3/3.12.0/commons-lang3-3.12.0.jar:/Users/shreyassl/.m2/repository/commons-io/commons-io/2.11.0/commons-io-2.11.0.jar:/Users/shreyassl/.m2/repository/com/google/guava/guava/32.0.1-jre/guava-32.0.1-jre.jar:/Users/shreyassl/.m2/repository/com/google/guava/failureaccess/1.0.1/failureaccess-1.0.1.jar:/Users/shreyassl/.m2/repository/com/google/guava/listenablefuture/9999.0-empty-to-avoid-conflict-with-guava/listenablefuture-9999.0-empty-to-avoid-conflict-with-guava.jar:/Users/shreyassl/.m2/repository/org/checkerframework/checker-qual/3.33.0/checker-qual-3.33.0.jar:/Users/shreyassl/.m2/repository/com/google/errorprone/error_prone_annotations/2.18.0/error_prone_annotations-2.18.0.jar:/Users/shreyassl/.m2/repository/com/google/j2objc/j2objc-annotations/2.8/j2objc-annotations-2.8.jar:/Users/shreyassl/.m2/repository/junit/junit/4.13.2/junit-4.13.2.jar:/Users/shreyassl/.m2/repository/org/hamcrest/hamcrest-core/1.3/hamcrest-core-1.3.jar:/Users/shreyassl/.m2/repository/com/google/code/findbugs/jsr305/3.0.2/jsr305-3.0.2.jar:"/>
    <property name="sun.cpu.endian" value="little"/>
    <property name="user.home" value="/Users/shreyassl"/>
    <property name="user.language" value="en"/>
    <property name="java.specification.vendor" value="Oracle Corporation"/>
    <property name="java.home" value="/Library/Java/JavaVirtualMachines/jdk1.8.0_361.jdk/Contents/Home/jre"/>
    <property name="basedir" value="/Users/shreyassl/Downloads/SootUp-develop/sootup.java.sourcecode"/>
    <property name="file.separator" value="/"/>
    <property name="line.separator" value="&#10;"/>
    <property name="java.vm.specification.vendor" value="Oracle Corporation"/>
    <property name="java.specification.name" value="Java Platform API Specification"/>
    <property name="java.awt.graphicsenv" value="sun.awt.CGraphicsEnvironment"/>
    <property name="surefire.real.class.path" value="/Users/shreyassl/Downloads/SootUp-develop/sootup.java.sourcecode/target/surefire/surefirebooter5748627592640445178.jar:/Users/shreyassl/.m2/repository/org/jacoco/org.jacoco.agent/0.8.4/org.jacoco.agent-0.8.4-runtime.jar"/>
    <property name="sun.boot.class.path" value="/Library/Java/JavaVirtualMachines/jdk1.8.0_361.jdk/Contents/Home/jre/lib/resources.jar:/Library/Java/JavaVirtualMachines/jdk1.8.0_361.jdk/Contents/Home/jre/lib/rt.jar:/Library/Java/JavaVirtualMachines/jdk1.8.0_361.jdk/Contents/Home/jre/lib/jsse.jar:/Library/Java/JavaVirtualMachines/jdk1.8.0_361.jdk/Contents/Home/jre/lib/jce.jar:/Library/Java/JavaVirtualMachines/jdk1.8.0_361.jdk/Contents/Home/jre/lib/charsets.jar:/Library/Java/JavaVirtualMachines/jdk1.8.0_361.jdk/Contents/Home/jre/lib/jfr.jar:/Library/Java/JavaVirtualMachines/jdk1.8.0_361.jdk/Contents/Home/jre/classes"/>
    <property name="sun.management.compiler" value="HotSpot 64-Bit Tiered Compilers"/>
    <property name="ftp.nonProxyHosts" value="local|*.local|169.254/16|*.169.254/16"/>
    <property name="java.runtime.version" value="1.8.0_361-b09"/>
    <property name="user.name" value="shreyassl"/>
    <property name="path.separator" value=":"/>
    <property name="os.version" value="14.0"/>
    <property name="java.endorsed.dirs" value="/Library/Java/JavaVirtualMachines/jdk1.8.0_361.jdk/Contents/Home/jre/lib/endorsed"/>
    <property name="java.runtime.name" value="Java(TM) SE Runtime Environment"/>
    <property name="file.encoding" value="UTF-8"/>
    <property name="java.vm.name" value="Java HotSpot(TM) 64-Bit Server VM"/>
    <property name="localRepository" value="/Users/shreyassl/.m2/repository"/>
    <property name="java.vendor.url.bug" value="http://bugreport.sun.com/bugreport/"/>
    <property name="java.io.tmpdir" value="/var/folders/3v/4yfhgt1s3rlgrgl_fs6f0_d80000gn/T/"/>
    <property name="java.version" value="1.8.0_361"/>
    <property name="user.dir" value="/Users/shreyassl/Downloads/SootUp-develop/sootup.java.sourcecode"/>
    <property name="os.arch" value="x86_64"/>
    <property name="java.vm.specification.name" value="Java Virtual Machine Specification"/>
    <property name="java.awt.printerjob" value="sun.lwawt.macosx.CPrinterJob"/>
    <property name="sun.os.patch.level" value="unknown"/>
    <property name="java.library.path" value="/Users/shreyassl/Library/Java/Extensions:/Library/Java/Extensions:/Network/Library/Java/Extensions:/System/Library/Java/Extensions:/usr/lib/java:."/>
    <property name="java.vm.info" value="mixed mode"/>
    <property name="java.vendor" value="Oracle Corporation"/>
    <property name="java.vm.version" value="25.361-b09"/>
    <property name="java.specification.maintenance.version" value="4"/>
    <property name="java.ext.dirs" value="/Users/shreyassl/Library/Java/Extensions:/Library/Java/JavaVirtualMachines/jdk1.8.0_361.jdk/Contents/Home/jre/lib/ext:/Library/Java/Extensions:/Network/Library/Java/Extensions:/System/Library/Java/Extensions:/usr/lib/java"/>
    <property name="sun.io.unicode.encoding" value="UnicodeBig"/>
    <property name="java.class.version" value="52.0"/>
    <property name="socksNonProxyHosts" value="local|*.local|169.254/16|*.169.254/16"/>
  </properties>
  <testcase name="test" classname="sootup.java.sourcecode.minimaltestsuite.java6.MethodOverridingTest" time="0"/>
</testsuite>