<?xml version="1.0" encoding="UTF-8"?>
<testsuite xmlns:xsi="http://www.w3.org/2001/XMLSchema-instance" xsi:noNamespaceSchemaLocation="https://maven.apache.org/surefire/maven-surefire-plugin/xsd/surefire-test-report.xsd" name="sootup.java.bytecode.minimaltestsuite.java6.InitializeArraysWithIndexTest" time="0.013" tests="1" errors="0" skipped="0" failures="0">
  <properties>
    <property name="gopherProxySet" value="false"/>
    <property name="awt.toolkit" value="sun.lwawt.macosx.LWCToolkit"/>
    <property name="file.encoding.pkg" value="sun.io"/>
    <property name="java.specification.version" value="1.8"/>
    <property name="sun.cpu.isalist" value=""/>
    <property name="sun.jnu.encoding" value="UTF-8"/>
    <property name="java.class.path" value="/Users/shreyassl/Downloads/SootUp-develop/sootup.java.bytecode/target/test-classes:/Users/shreyassl/Downloads/SootUp-develop/sootup.java.bytecode/target/classes:/Users/shreyassl/Downloads/SootUp-develop/sootup.core/target/sootup.core-1.1.2-SNAPSHOT.jar:/Users/shreyassl/.m2/repository/org/jgrapht/jgrapht-core/1.3.1/jgrapht-core-1.3.1.jar:/Users/shreyassl/.m2/repository/org/jheaps/jheaps/0.10/jheaps-0.10.jar:/Users/shreyassl/Downloads/SootUp-develop/sootup.java.core/target/sootup.java.core-1.1.2-SNAPSHOT.jar:/Users/shreyassl/.m2/repository/org/ow2/asm/asm-util/9.5/asm-util-9.5.jar:/Users/shreyassl/.m2/repository/org/ow2/asm/asm/9.5/asm-9.5.jar:/Users/shreyassl/.m2/repository/org/ow2/asm/asm-tree/9.5/asm-tree-9.5.jar:/Users/shreyassl/.m2/repository/org/ow2/asm/asm-analysis/9.5/asm-analysis-9.5.jar:/Users/shreyassl/.m2/repository/org/ow2/asm/asm-commons/9.5/asm-commons-9.5.jar:/Users/shreyassl/.m2/repository/com/github/ThexXTURBOXx/dex2jar/dex-tools/v64/dex-tools-v64.jar:/Users/shreyassl/.m2/repository/com/github/ThexXTURBOXx/dex2jar/dex-translator/v64/dex-translator-v64.jar:/Users/shreyassl/.m2/repository/com/android/tools/r8/4.0.63/r8-4.0.63.jar:/Users/shreyassl/.m2/repository/com/github/ThexXTURBOXx/dex2jar/d2j-smali/v64/d2j-smali-v64.jar:/Users/shreyassl/.m2/repository/org/antlr/antlr4/4.9.3/antlr4-4.9.3.jar:/Users/shreyassl/.m2/repository/org/antlr/ST4/4.3.1/ST4-4.3.1.jar:/Users/shreyassl/.m2/repository/org/abego/treelayout/org.abego.treelayout.core/1.0.3/org.abego.treelayout.core-1.0.3.jar:/Users/shreyassl/.m2/repository/org/glassfish/javax.json/1.0.4/javax.json-1.0.4.jar:/Users/shreyassl/.m2/repository/com/ibm/icu/icu4j/69.1/icu4j-69.1.jar:/Users/shreyassl/.m2/repository/org/antlr/antlr4-runtime/4.9.3/antlr4-runtime-4.9.3.jar:/Users/shreyassl/.m2/repository/org/antlr/antlr-runtime/3.5.3/antlr-runtime-3.5.3.jar:/Users/shreyassl/.m2/repository/com/github/ThexXTURBOXx/dex2jar/d2j-jasmin/v64/d2j-jasmin-v64.jar:/Users/shreyassl/.m2/repository/org/antlr/antlr/3.5.3/antlr-3.5.3.jar:/Users/shreyassl/.m2/repository/com/github/ThexXTURBOXx/dex2jar/dex-writer/v64/dex-writer-v64.jar:/Users/shreyassl/.m2/repository/com/github/ThexXTURBOXx/dex2jar/dex-ir/v64/dex-ir-v64.jar:/Users/shreyassl/.m2/repository/com/github/ThexXTURBOXx/dex2jar/dex-reader-api/v64/dex-reader-api-v64.jar:/Users/shreyassl/.m2/repository/com/github/ThexXTURBOXx/dex2jar/dex-reader/v64/dex-reader-v64.jar:/Users/shreyassl/.m2/repository/com/github/ThexXTURBOXx/dex2jar/d2j-base-cmd/v64/d2j-base-cmd-v64.jar:/Users/shreyassl/.m2/repository/org/slf4j/slf4j-api/2.0.5/slf4j-api-2.0.5.jar:/Users/shreyassl/.m2/repository/org/slf4j/slf4j-simple/2.0.5/slf4j-simple-2.0.5.jar:/Users/shreyassl/.m2/repository/org/apache/commons/commons-lang3/3.12.0/commons-lang3-3.12.0.jar:/Users/shreyassl/.m2/repository/commons-io/commons-io/2.11.0/commons-io-2.11.0.jar:/Users/shreyassl/.m2/repository/com/google/guava/guava/32.0.1-jre/guava-32.0.1-jre.jar:/Users/shreyassl/.m2/repository/com/google/guava/failureaccess/1.0.1/failureaccess-1.0.1.jar:/Users/shreyassl/.m2/repository/com/google/guava/listenablefuture/9999.0-empty-to-avoid-conflict-with-guava/listenablefuture-9999.0-empty-to-avoid-conflict-with-guava.jar:/Users/shreyassl/.m2/repository/org/checkerframework/checker-qual/3.33.0/checker-qual-3.33.0.jar:/Users/shreyassl/.m2/repository/com/google/errorprone/error_prone_annotations/2.18.0/error_prone_annotations-2.18.0.jar:/Users/shreyassl/.m2/repository/com/google/j2objc/j2objc-annotations/2.8/j2objc-annotations-2.8.jar:/Users/shreyassl/.m2/repository/junit/junit/4.13.2/junit-4.13.2.jar:/Users/shreyassl/.m2/repository/org/hamcrest/hamcrest-core/1.3/hamcrest-core-1.3.jar:/Users/shreyassl/.m2/repository/com/google/code/findbugs/jsr305/3.0.2/jsr305-3.0.2.jar:"/>
    <property name="java.vm.vendor" value="Oracle Corporation"/>
    <property name="sun.arch.data.model" value="64"/>
    <property name="java.vendor.url" value="http://java.oracle.com/"/>
    <property name="user.timezone" value=""/>
    <property name="java.vm.specification.version" value="1.8"/>
    <property name="os.name" value="Mac OS X"/>
    <property name="user.country" value="IN"/>
    <property name="sun.java.launcher" value="SUN_STANDARD"/>
    <property name="sun.boot.library.path" value="/Library/Java/JavaVirtualMachines/jdk1.8.0_361.jdk/Contents/Home/jre/lib"/>
    <property name="sun.java.command" value="/Users/shreyassl/Downloads/SootUp-develop/sootup.java.bytecode/target/surefire/surefirebooter6637325704365686857.jar /Users/shreyassl/Downloads/SootUp-develop/sootup.java.bytecode/target/surefire 2023-10-02T16-20-41_180-jvmRun1 surefire6455269003216599710tmp surefire_33966124768328497842tmp"/>
    <property name="http.nonProxyHosts" value="local|*.local|169.254/16|*.169.254/16"/>
    <property name="surefire.test.class.path" value="/Users/shreyassl/Downloads/SootUp-develop/sootup.java.bytecode/target/test-classes:/Users/shreyassl/Downloads/SootUp-develop/sootup.java.bytecode/target/classes:/Users/shreyassl/Downloads/SootUp-develop/sootup.core/target/sootup.core-1.1.2-SNAPSHOT.jar:/Users/shreyassl/.m2/repository/org/jgrapht/jgrapht-core/1.3.1/jgrapht-core-1.3.1.jar:/Users/shreyassl/.m2/repository/org/jheaps/jheaps/0.10/jheaps-0.10.jar:/Users/shreyassl/Downloads/SootUp-develop/sootup.java.core/target/sootup.java.core-1.1.2-SNAPSHOT.jar:/Users/shreyassl/.m2/repository/org/ow2/asm/asm-util/9.5/asm-util-9.5.jar:/Users/shreyassl/.m2/repository/org/ow2/asm/asm/9.5/asm-9.5.jar:/Users/shreyassl/.m2/repository/org/ow2/asm/asm-tree/9.5/asm-tree-9.5.jar:/Users/shreyassl/.m2/repository/org/ow2/asm/asm-analysis/9.5/asm-analysis-9.5.jar:/Users/shreyassl/.m2/repository/org/ow2/asm/asm-commons/9.5/asm-commons-9.5.jar:/Users/shreyassl/.m2/repository/com/github/ThexXTURBOXx/dex2jar/dex-tools/v64/dex-tools-v64.jar:/Users/shreyassl/.m2/repository/com/github/ThexXTURBOXx/dex2jar/dex-translator/v64/dex-translator-v64.jar:/Users/shreyassl/.m2/repository/com/android/tools/r8/4.0.63/r8-4.0.63.jar:/Users/shreyassl/.m2/repository/com/github/ThexXTURBOXx/dex2jar/d2j-smali/v64/d2j-smali-v64.jar:/Users/shreyassl/.m2/repository/org/antlr/antlr4/4.9.3/antlr4-4.9.3.jar:/Users/shreyassl/.m2/repository/org/antlr/ST4/4.3.1/ST4-4.3.1.jar:/Users/shreyassl/.m2/repository/org/abego/treelayout/org.abego.treelayout.core/1.0.3/org.abego.treelayout.core-1.0.3.jar:/Users/shreyassl/.m2/repository/org/glassfish/javax.json/1.0.4/javax.json-1.0.4.jar:/Users/shreyassl/.m2/repository/com/ibm/icu/icu4j/69.1/icu4j-69.1.jar:/Users/shreyassl/.m2/repository/org/antlr/antlr4-runtime/4.9.3/antlr4-runtime-4.9.3.jar:/Users/shreyassl/.m2/repository/org/antlr/antlr-runtime/3.5.3/antlr-runtime-3.5.3.jar:/Users/shreyassl/.m2/repository/com/github/ThexXTURBOXx/dex2jar/d2j-jasmin/v64/d2j-jasmin-v64.jar:/Users/shreyassl/.m2/repository/org/antlr/antlr/3.5.3/antlr-3.5.3.jar:/Users/shreyassl/.m2/repository/com/github/ThexXTURBOXx/dex2jar/dex-writer/v64/dex-writer-v64.jar:/Users/shreyassl/.m2/repository/com/github/ThexXTURBOXx/dex2jar/dex-ir/v64/dex-ir-v64.jar:/Users/shreyassl/.m2/repository/com/github/ThexXTURBOXx/dex2jar/dex-reader-api/v64/dex-reader-api-v64.jar:/Users/shreyassl/.m2/repository/com/github/ThexXTURBOXx/dex2jar/dex-reader/v64/dex-reader-v64.jar:/Users/shreyassl/.m2/repository/com/github/ThexXTURBOXx/dex2jar/d2j-base-cmd/v64/d2j-base-cmd-v64.jar:/Users/shreyassl/.m2/repository/org/slf4j/slf4j-api/2.0.5/slf4j-api-2.0.5.jar:/Users/shreyassl/.m2/repository/org/slf4j/slf4j-simple/2.0.5/slf4j-simple-2.0.5.jar:/Users/shreyassl/.m2/repository/org/apache/commons/commons-lang3/3.12.0/commons-lang3-3.12.0.jar:/Users/shreyassl/.m2/repository/commons-io/commons-io/2.11.0/commons-io-2.11.0.jar:/Users/shreyassl/.m2/repository/com/google/guava/guava/32.0.1-jre/guava-32.0.1-jre.jar:/Users/shreyassl/.m2/repository/com/google/guava/failureaccess/1.0.1/failureaccess-1.0.1.jar:/Users/shreyassl/.m2/repository/com/google/guava/listenablefuture/9999.0-empty-to-avoid-conflict-with-guava/listenablefuture-9999.0-empty-to-avoid-conflict-with-guava.jar:/Users/shreyassl/.m2/repository/org/checkerframework/checker-qual/3.33.0/checker-qual-3.33.0.jar:/Users/shreyassl/.m2/repository/com/google/errorprone/error_prone_annotations/2.18.0/error_prone_annotations-2.18.0.jar:/Users/shreyassl/.m2/repository/com/google/j2objc/j2objc-annotations/2.8/j2objc-annotations-2.8.jar:/Users/shreyassl/.m2/repository/junit/junit/4.13.2/junit-4.13.2.jar:/Users/shreyassl/.m2/repository/org/hamcrest/hamcrest-core/1.3/hamcrest-core-1.3.jar:/Users/shreyassl/.m2/repository/com/google/code/findbugs/jsr305/3.0.2/jsr305-3.0.2.jar:"/>
    <property name="sun.cpu.endian" value="little"/>
    <property name="user.home" value="/Users/shreyassl"/>
    <property name="user.language" value="en"/>
    <property name="java.specification.vendor" value="Oracle Corporation"/>
    <property name="java.home" value="/Library/Java/JavaVirtualMachines/jdk1.8.0_361.jdk/Contents/Home/jre"/>
    <property name="basedir" value="/Users/shreyassl/Downloads/SootUp-develop/sootup.java.bytecode"/>
    <property name="file.separator" value="/"/>
    <property name="line.separator" value="&#10;"/>
    <property name="java.vm.specification.vendor" value="Oracle Corporation"/>
    <property name="java.specification.name" value="Java Platform API Specification"/>
    <property name="java.awt.graphicsenv" value="sun.awt.CGraphicsEnvironment"/>
    <property name="surefire.real.class.path" value="/Users/shreyassl/Downloads/SootUp-develop/sootup.java.bytecode/target/surefire/surefirebooter6637325704365686857.jar:/Users/shreyassl/.m2/repository/org/jacoco/org.jacoco.agent/0.8.4/org.jacoco.agent-0.8.4-runtime.jar"/>
    <property name="sun.boot.class.path" value="/Library/Java/JavaVirtualMachines/jdk1.8.0_361.jdk/Contents/Home/jre/lib/resources.jar:/Library/Java/JavaVirtualMachines/jdk1.8.0_361.jdk/Contents/Home/jre/lib/rt.jar:/Library/Java/JavaVirtualMachines/jdk1.8.0_361.jdk/Contents/Home/jre/lib/jsse.jar:/Library/Java/JavaVirtualMachines/jdk1.8.0_361.jdk/Contents/Home/jre/lib/jce.jar:/Library/Java/JavaVirtualMachines/jdk1.8.0_361.jdk/Contents/Home/jre/lib/charsets.jar:/Library/Java/JavaVirtualMachines/jdk1.8.0_361.jdk/Contents/Home/jre/lib/jfr.jar:/Library/Java/JavaVirtualMachines/jdk1.8.0_361.jdk/Contents/Home/jre/classes"/>
    <property name="sun.management.compiler" value="HotSpot 64-Bit Tiered Compilers"/>
    <property name="ftp.nonProxyHosts" value="local|*.local|169.254/16|*.169.254/16"/>
    <property name="java.runtime.version" value="1.8.0_361-b09"/>
    <property name="user.name" value="shreyassl"/>
    <property name="path.separator" value=":"/>
    <property name="os.version" value="14.0"/>
    <property name="java.endorsed.dirs" value="/Library/Java/JavaVirtualMachines/jdk1.8.0_361.jdk/Contents/Home/jre/lib/endorsed"/>
    <property name="java.runtime.name" value="Java(TM) SE Runtime Environment"/>
    <property name="file.encoding" value="UTF-8"/>
    <property name="java.vm.name" value="Java HotSpot(TM) 64-Bit Server VM"/>
    <property name="localRepository" value="/Users/shreyassl/.m2/repository"/>
    <property name="java.vendor.url.bug" value="http://bugreport.sun.com/bugreport/"/>
    <property name="java.io.tmpdir" value="/var/folders/3v/4yfhgt1s3rlgrgl_fs6f0_d80000gn/T/"/>
    <property name="java.version" value="1.8.0_361"/>
    <property name="user.dir" value="/Users/shreyassl/Downloads/SootUp-develop/sootup.java.bytecode"/>
    <property name="os.arch" value="x86_64"/>
    <property name="java.vm.specification.name" value="Java Virtual Machine Specification"/>
    <property name="java.awt.printerjob" value="sun.lwawt.macosx.CPrinterJob"/>
    <property name="sun.os.patch.level" value="unknown"/>
    <property name="java.library.path" value="/Users/shreyassl/Library/Java/Extensions:/Library/Java/Extensions:/Network/Library/Java/Extensions:/System/Library/Java/Extensions:/usr/lib/java:."/>
    <property name="java.vm.info" value="mixed mode"/>
    <property name="java.vendor" value="Oracle Corporation"/>
    <property name="java.vm.version" value="25.361-b09"/>
    <property name="java.specification.maintenance.version" value="4"/>
    <property name="java.ext.dirs" value="/Users/shreyassl/Library/Java/Extensions:/Library/Java/JavaVirtualMachines/jdk1.8.0_361.jdk/Contents/Home/jre/lib/ext:/Library/Java/Extensions:/Network/Library/Java/Extensions:/System/Library/Java/Extensions:/usr/lib/java"/>
    <property name="sun.io.unicode.encoding" value="UnicodeBig"/>
    <property name="java.class.version" value="52.0"/>
    <property name="socksNonProxyHosts" value="local|*.local|169.254/16|*.169.254/16"/>
  </properties>
  <testcase name="test" classname="sootup.java.bytecode.minimaltestsuite.java6.InitializeArraysWithIndexTest" time="0.013"/>
</testsuite>